<?xml version="1.0" encoding="UTF-8"?>
<!-- Generated by org.testng.reporters.JUnitXMLReporter -->
<testsuite hostname="DESKTOP-UO2F005" ignored="12" name="Default test" tests="1" failures="1" timestamp="24 七月 2019 02:25:37 GMT" time="0.226" errors="0">
  <testcase name="testUseInsert_E_2" time="0.209" classname="com.beagledata.hubble.hive2hubble.RewriteTestSql">
    <failure type="java.lang.AssertionError" message="expected [INSERT INTO HIVE.DB1.TEST SELECT * FROM TEST] but found [INSERT INTO DB1.TEST SELECT * FROM TEST]">
      <![CDATA[java.lang.AssertionError: expected [INSERT INTO HIVE.DB1.TEST SELECT * FROM TEST] but found [INSERT INTO DB1.TEST SELECT * FROM TEST]
	at org.testng.Assert.fail(Assert.java:94)
	at org.testng.Assert.failNotEquals(Assert.java:513)
	at org.testng.Assert.assertEqualsImpl(Assert.java:135)
	at org.testng.Assert.assertEquals(Assert.java:116)
	at org.testng.Assert.assertEquals(Assert.java:190)
	at org.testng.Assert.assertEquals(Assert.java:200)
	at com.beagledata.hubble.hive2hubble.RewriteTestSql.testUseInsert_E_2(RewriteTestSql.java:67)
	at sun.reflect.NativeMethodAccessorImpl.invoke0(Native Method)
	at sun.reflect.NativeMethodAccessorImpl.invoke(NativeMethodAccessorImpl.java:62)
	at sun.reflect.DelegatingMethodAccessorImpl.invoke(DelegatingMethodAccessorImpl.java:43)
	at java.lang.reflect.Method.invoke(Method.java:498)
	at org.testng.internal.MethodInvocationHelper.invokeMethod(MethodInvocationHelper.java:104)
	at org.testng.internal.Invoker.invokeMethod(Invoker.java:645)
	at org.testng.internal.Invoker.invokeTestMethod(Invoker.java:851)
	at org.testng.internal.Invoker.invokeTestMethods(Invoker.java:1177)
	at org.testng.internal.TestMethodWorker.invokeTestMethods(TestMethodWorker.java:129)
	at org.testng.internal.TestMethodWorker.run(TestMethodWorker.java:112)
	at org.testng.TestRunner.privateRun(TestRunner.java:756)
	at org.testng.TestRunner.run(TestRunner.java:610)
	at org.testng.SuiteRunner.runTest(SuiteRunner.java:387)
	at org.testng.SuiteRunner.runSequentially(SuiteRunner.java:382)
	at org.testng.SuiteRunner.privateRun(SuiteRunner.java:340)
	at org.testng.SuiteRunner.run(SuiteRunner.java:289)
	at org.testng.SuiteRunnerWorker.runSuite(SuiteRunnerWorker.java:52)
	at org.testng.SuiteRunnerWorker.run(SuiteRunnerWorker.java:86)
	at org.testng.TestNG.runSuitesSequentially(TestNG.java:1293)
	at org.testng.TestNG.runSuitesLocally(TestNG.java:1218)
	at org.testng.TestNG.runSuites(TestNG.java:1133)
	at org.testng.TestNG.run(TestNG.java:1104)
	at org.testng.remote.AbstractRemoteTestNG.run(AbstractRemoteTestNG.java:114)
	at org.testng.remote.RemoteTestNG.initAndRun(RemoteTestNG.java:251)
	at org.testng.remote.RemoteTestNG.main(RemoteTestNG.java:77)
]]>
    </failure>
  </testcase> <!-- testUseInsert_E_2 -->
  <testcase name="testUseInsert_E_3" time="0.0" classname="com.beagledata.hubble.hive2hubble.RewriteTestSql">
    <ignored/>
  </testcase> <!-- testUseInsert_E_3 -->
  <testcase name="testCreateTable1" time="0.0" classname="com.beagledata.hubble.hive2hubble.RewriteTestSql">
    <ignored/>
  </testcase> <!-- testCreateTable1 -->
  <testcase name="testUseInsert_E_1" time="0.0" classname="com.beagledata.hubble.hive2hubble.RewriteTestSql">
    <ignored/>
  </testcase> <!-- testUseInsert_E_1 -->
  <testcase name="testUseInsert_A_error" time="0.0" classname="com.beagledata.hubble.hive2hubble.RewriteTestSql">
    <ignored/>
  </testcase> <!-- testUseInsert_A_error -->
  <testcase name="testUseDatabase" time="0.0" classname="com.beagledata.hubble.hive2hubble.RewriteTestSql">
    <ignored/>
  </testcase> <!-- testUseDatabase -->
  <testcase name="testCreateTable2" time="0.0" classname="com.beagledata.hubble.hive2hubble.RewriteTestSql">
    <ignored/>
  </testcase> <!-- testCreateTable2 -->
  <testcase name="testUseInsert_B_1" time="0.0" classname="com.beagledata.hubble.hive2hubble.RewriteTestSql">
    <ignored/>
  </testcase> <!-- testUseInsert_B_1 -->
  <testcase name="testUseInsert_D" time="0.0" classname="com.beagledata.hubble.hive2hubble.RewriteTestSql">
    <ignored/>
  </testcase> <!-- testUseInsert_D -->
  <testcase name="testCreateTempTable_A" time="0.0" classname="com.beagledata.hubble.hive2hubble.RewriteTestSql">
    <ignored/>
  </testcase> <!-- testCreateTempTable_A -->
  <testcase name="testUseInsert_C" time="0.0" classname="com.beagledata.hubble.hive2hubble.RewriteTestSql">
    <ignored/>
  </testcase> <!-- testUseInsert_C -->
  <testcase name="testUseInsert_F" time="0.0" classname="com.beagledata.hubble.hive2hubble.RewriteTestSql">
    <ignored/>
  </testcase> <!-- testUseInsert_F -->
  <testcase name="testUseInsert_B_2" time="0.0" classname="com.beagledata.hubble.hive2hubble.RewriteTestSql">
    <ignored/>
  </testcase> <!-- testUseInsert_B_2 -->
</testsuite> <!-- Default test -->
